This file contains any messages produced by compilers while
running configure, to aid debugging if configure makes a mistake.

It was created by openggsn configure 0.91, which was
generated by GNU Autoconf 2.67.  Invocation command line was

  $ ./configure 

## --------- ##
## Platform. ##
## --------- ##

hostname = ubuntu
uname -m = x86_64
uname -r = 3.19.0-25-generic
uname -s = Linux
uname -v = #26~14.04.1-Ubuntu SMP Fri Jul 24 21:16:20 UTC 2015

/usr/bin/uname -p = unknown
/bin/uname -X     = unknown

/bin/arch              = unknown
/usr/bin/arch -k       = unknown
/usr/convex/getsysinfo = unknown
/usr/bin/hostinfo      = unknown
/bin/machine           = unknown
/usr/bin/oslevel       = unknown
/bin/universe          = unknown

PATH: /usr/local/sbin
PATH: /usr/local/bin
PATH: /usr/sbin
PATH: /usr/bin
PATH: /sbin
PATH: /bin
PATH: /usr/games
PATH: /usr/local/games


## ----------- ##
## Core tests. ##
## ----------- ##

configure:2539: checking build system type
configure:2553: result: x86_64-unknown-linux-gnu
configure:2573: checking host system type
configure:2586: result: x86_64-unknown-linux-gnu
configure:2606: checking target system type
configure:2619: result: x86_64-unknown-linux-gnu
configure:2696: checking for gcc
configure:2712: found /usr/bin/gcc
configure:2723: result: gcc
configure:2952: checking for C compiler version
configure:2961: gcc --version >&5
gcc (Ubuntu 4.8.4-2ubuntu1~14.04.1) 4.8.4
Copyright (C) 2013 Free Software Foundation, Inc.
This is free software; see the source for copying conditions.  There is NO
warranty; not even for MERCHANTABILITY or FITNESS FOR A PARTICULAR PURPOSE.

configure:2972: $? = 0
configure:2961: gcc -v >&5
Using built-in specs.
COLLECT_GCC=gcc
COLLECT_LTO_WRAPPER=/usr/lib/gcc/x86_64-linux-gnu/4.8/lto-wrapper
Target: x86_64-linux-gnu
Configured with: ../src/configure -v --with-pkgversion='Ubuntu 4.8.4-2ubuntu1~14.04.1' --with-bugurl=file:///usr/share/doc/gcc-4.8/README.Bugs --enable-languages=c,c++,java,go,d,fortran,objc,obj-c++ --prefix=/usr --program-suffix=-4.8 --enable-shared --enable-linker-build-id --libexecdir=/usr/lib --without-included-gettext --enable-threads=posix --with-gxx-include-dir=/usr/include/c++/4.8 --libdir=/usr/lib --enable-nls --with-sysroot=/ --enable-clocale=gnu --enable-libstdcxx-debug --enable-libstdcxx-time=yes --enable-gnu-unique-object --disable-libmudflap --enable-plugin --with-system-zlib --disable-browser-plugin --enable-java-awt=gtk --enable-gtk-cairo --with-java-home=/usr/lib/jvm/java-1.5.0-gcj-4.8-amd64/jre --enable-java-home --with-jvm-root-dir=/usr/lib/jvm/java-1.5.0-gcj-4.8-amd64 --with-jvm-jar-dir=/usr/lib/jvm-exports/java-1.5.0-gcj-4.8-amd64 --with-arch-directory=amd64 --with-ecj-jar=/usr/share/java/eclipse-ecj.jar --enable-objc-gc --enable-multiarch --disable-werror --with-arch-32=i686 --with-abi=m64 --with-multilib-list=m32,m64,mx32 --with-tune=generic --enable-checking=release --build=x86_64-linux-gnu --host=x86_64-linux-gnu --target=x86_64-linux-gnu
Thread model: posix
gcc version 4.8.4 (Ubuntu 4.8.4-2ubuntu1~14.04.1) 
configure:2972: $? = 0
configure:2961: gcc -V >&5
gcc: error: unrecognized command line option '-V'
gcc: fatal error: no input files
compilation terminated.
configure:2972: $? = 4
configure:2961: gcc -qversion >&5
gcc: error: unrecognized command line option '-qversion'
gcc: fatal error: no input files
compilation terminated.
configure:2972: $? = 4
configure:2992: checking whether the C compiler works
configure:3014: gcc    conftest.c  >&5
configure:3018: $? = 0
configure:3066: result: yes
configure:3069: checking for C compiler default output file name
configure:3071: result: a.out
configure:3077: checking for suffix of executables
configure:3084: gcc -o conftest    conftest.c  >&5
configure:3088: $? = 0
configure:3110: result: 
configure:3132: checking whether we are cross compiling
configure:3140: gcc -o conftest    conftest.c  >&5
configure:3144: $? = 0
configure:3151: ./conftest
configure:3155: $? = 0
configure:3170: result: no
configure:3175: checking for suffix of object files
configure:3197: gcc -c   conftest.c >&5
configure:3201: $? = 0
configure:3222: result: o
configure:3226: checking whether we are using the GNU C compiler
configure:3245: gcc -c   conftest.c >&5
configure:3245: $? = 0
configure:3254: result: yes
configure:3263: checking whether gcc accepts -g
configure:3283: gcc -c -g  conftest.c >&5
configure:3283: $? = 0
configure:3324: result: yes
configure:3341: checking for gcc option to accept ISO C89
configure:3405: gcc  -c -g -O2  conftest.c >&5
configure:3405: $? = 0
configure:3418: result: none needed
configure:3452: checking for a BSD-compatible install
configure:3520: result: /usr/bin/install -c
configure:3535: checking for gawk
configure:3565: result: no
configure:3535: checking for mawk
configure:3551: found /usr/bin/mawk
configure:3562: result: mawk
configure:3578: checking how to run the C preprocessor
configure:3609: gcc -E  conftest.c
configure:3609: $? = 0
configure:3623: gcc -E  conftest.c
conftest.c:9:28: fatal error: ac_nonexistent.h: No such file or directory
 #include <ac_nonexistent.h>
                            ^
compilation terminated.
configure:3623: $? = 1
configure: failed program was:
| /* confdefs.h */
| #define PACKAGE_NAME "openggsn"
| #define PACKAGE_TARNAME "openggsn"
| #define PACKAGE_VERSION "0.91"
| #define PACKAGE_STRING "openggsn 0.91"
| #define PACKAGE_BUGREPORT "laforge@gnumonks.org"
| #define PACKAGE_URL ""
| /* end confdefs.h.  */
| #include <ac_nonexistent.h>
configure:3648: result: gcc -E
configure:3668: gcc -E  conftest.c
configure:3668: $? = 0
configure:3682: gcc -E  conftest.c
conftest.c:9:28: fatal error: ac_nonexistent.h: No such file or directory
 #include <ac_nonexistent.h>
                            ^
compilation terminated.
configure:3682: $? = 1
configure: failed program was:
| /* confdefs.h */
| #define PACKAGE_NAME "openggsn"
| #define PACKAGE_TARNAME "openggsn"
| #define PACKAGE_VERSION "0.91"
| #define PACKAGE_STRING "openggsn 0.91"
| #define PACKAGE_BUGREPORT "laforge@gnumonks.org"
| #define PACKAGE_URL ""
| /* end confdefs.h.  */
| #include <ac_nonexistent.h>
configure:3768: checking for g++
configure:3798: result: no
configure:3768: checking for c++
configure:3798: result: no
configure:3768: checking for gpp
configure:3798: result: no
configure:3768: checking for aCC
configure:3798: result: no
configure:3768: checking for CC
configure:3798: result: no
configure:3768: checking for cxx
configure:3798: result: no
configure:3768: checking for cc++
configure:3798: result: no
configure:3768: checking for cl.exe
configure:3798: result: no
configure:3768: checking for FCC
configure:3798: result: no
configure:3768: checking for KCC
configure:3798: result: no
configure:3768: checking for RCC
configure:3798: result: no
configure:3768: checking for xlC_r
configure:3798: result: no
configure:3768: checking for xlC
configure:3798: result: no
configure:3822: checking for C++ compiler version
configure:3831: g++ --version >&5
./configure: line 3833: g++: command not found
configure:3842: $? = 127
configure:3831: g++ -v >&5
./configure: line 3833: g++: command not found
configure:3842: $? = 127
configure:3831: g++ -V >&5
./configure: line 3833: g++: command not found
configure:3842: $? = 127
configure:3831: g++ -qversion >&5
./configure: line 3833: g++: command not found
configure:3842: $? = 127
configure:3846: checking whether we are using the GNU C++ compiler
configure:3865: g++ -c   conftest.cpp >&5
./configure: line 1712: g++: command not found
configure:3865: $? = 127
configure: failed program was:
| /* confdefs.h */
| #define PACKAGE_NAME "openggsn"
| #define PACKAGE_TARNAME "openggsn"
| #define PACKAGE_VERSION "0.91"
| #define PACKAGE_STRING "openggsn 0.91"
| #define PACKAGE_BUGREPORT "laforge@gnumonks.org"
| #define PACKAGE_URL ""
| /* end confdefs.h.  */
| 
| int
| main ()
| {
| #ifndef __GNUC__
|        choke me
| #endif
| 
|   ;
|   return 0;
| }
configure:3874: result: no
configure:3883: checking whether g++ accepts -g
configure:3903: g++ -c -g  conftest.cpp >&5
./configure: line 1712: g++: command not found
configure:3903: $? = 127
configure: failed program was:
| /* confdefs.h */
| #define PACKAGE_NAME "openggsn"
| #define PACKAGE_TARNAME "openggsn"
| #define PACKAGE_VERSION "0.91"
| #define PACKAGE_STRING "openggsn 0.91"
| #define PACKAGE_BUGREPORT "laforge@gnumonks.org"
| #define PACKAGE_URL ""
| /* end confdefs.h.  */
| 
| int
| main ()
| {
| 
|   ;
|   return 0;
| }
configure:3918: g++ -c   conftest.cpp >&5
./configure: line 1712: g++: command not found
configure:3918: $? = 127
configure: failed program was:
| /* confdefs.h */
| #define PACKAGE_NAME "openggsn"
| #define PACKAGE_TARNAME "openggsn"
| #define PACKAGE_VERSION "0.91"
| #define PACKAGE_STRING "openggsn 0.91"
| #define PACKAGE_BUGREPORT "laforge@gnumonks.org"
| #define PACKAGE_URL ""
| /* end confdefs.h.  */
| 
| int
| main ()
| {
| 
|   ;
|   return 0;
| }
configure:3934: g++ -c -g  conftest.cpp >&5
./configure: line 1712: g++: command not found
configure:3934: $? = 127
configure: failed program was:
| /* confdefs.h */
| #define PACKAGE_NAME "openggsn"
| #define PACKAGE_TARNAME "openggsn"
| #define PACKAGE_VERSION "0.91"
| #define PACKAGE_STRING "openggsn 0.91"
| #define PACKAGE_BUGREPORT "laforge@gnumonks.org"
| #define PACKAGE_URL ""
| /* end confdefs.h.  */
| 
| int
| main ()
| {
| 
|   ;
|   return 0;
| }
configure:3944: result: no
configure:4010: checking for ranlib
configure:4026: found /usr/bin/ranlib
configure:4037: result: ranlib
configure:4087: checking for a sed that does not truncate output
configure:4151: result: /bin/sed
configure:4169: checking for grep that handles long lines and -e
configure:4227: result: /bin/grep
configure:4232: checking for egrep
configure:4294: result: /bin/grep -E
configure:4299: checking for fgrep
configure:4361: result: /bin/grep -F
configure:4396: checking for ld used by gcc
configure:4463: result: /usr/bin/ld
configure:4470: checking if the linker (/usr/bin/ld) is GNU ld
configure:4485: result: yes
configure:4497: checking for BSD- or MS-compatible name lister (nm)
configure:4546: result: /usr/bin/nm -B
configure:4664: checking the name lister (/usr/bin/nm -B) interface
configure:4671: gcc -c -g -O2  conftest.c >&5
configure:4674: /usr/bin/nm -B "conftest.o"
configure:4677: output
0000000000000000 B some_variable
configure:4684: result: BSD nm
configure:4687: checking whether ln -s works
configure:4691: result: yes
configure:4699: checking the maximum length of command line arguments
configure:4819: result: 1572864
configure:4836: checking whether the shell understands some XSI constructs
configure:4846: result: yes
configure:4850: checking whether the shell understands "+="
configure:4856: result: yes
configure:4891: checking for /usr/bin/ld option to reload object files
configure:4898: result: -r
configure:4967: checking for objdump
configure:4983: found /usr/bin/objdump
configure:4994: result: objdump
configure:5026: checking how to recognize dependent libraries
configure:5222: result: pass_all
configure:5282: checking for ar
configure:5298: found /usr/bin/ar
configure:5309: result: ar
configure:5387: checking for strip
configure:5403: found /usr/bin/strip
configure:5414: result: strip
configure:5486: checking for ranlib
configure:5513: result: ranlib
configure:5603: checking command to parse /usr/bin/nm -B output from gcc object
configure:5721: gcc -c -g -O2  conftest.c >&5
configure:5724: $? = 0
configure:5728: /usr/bin/nm -B conftest.o \| sed -n -e 's/^.*[	 ]\([ABCDGIRSTW][ABCDGIRSTW]*\)[	 ][	 ]*\([_A-Za-z][_A-Za-z0-9]*\)$/\1 \2 \2/p' \> conftest.nm
configure:5731: $? = 0
configure:5785: gcc -o conftest -g -O2   conftest.c conftstm.o >&5
configure:5788: $? = 0
configure:5826: result: ok
configure:5922: gcc -c -g -O2  conftest.c >&5
configure:5925: $? = 0
configure:6631: checking for ANSI C header files
configure:6651: gcc -c -g -O2  conftest.c >&5
configure:6651: $? = 0
configure:6724: gcc -o conftest -g -O2   conftest.c  >&5
configure:6724: $? = 0
configure:6724: ./conftest
configure:6724: $? = 0
configure:6735: result: yes
configure:6748: checking for sys/types.h
configure:6748: gcc -c -g -O2  conftest.c >&5
configure:6748: $? = 0
configure:6748: result: yes
configure:6748: checking for sys/stat.h
configure:6748: gcc -c -g -O2  conftest.c >&5
configure:6748: $? = 0
configure:6748: result: yes
configure:6748: checking for stdlib.h
configure:6748: gcc -c -g -O2  conftest.c >&5
configure:6748: $? = 0
configure:6748: result: yes
configure:6748: checking for string.h
configure:6748: gcc -c -g -O2  conftest.c >&5
configure:6748: $? = 0
configure:6748: result: yes
configure:6748: checking for memory.h
configure:6748: gcc -c -g -O2  conftest.c >&5
configure:6748: $? = 0
configure:6748: result: yes
configure:6748: checking for strings.h
configure:6748: gcc -c -g -O2  conftest.c >&5
configure:6748: $? = 0
configure:6748: result: yes
configure:6748: checking for inttypes.h
configure:6748: gcc -c -g -O2  conftest.c >&5
configure:6748: $? = 0
configure:6748: result: yes
configure:6748: checking for stdint.h
configure:6748: gcc -c -g -O2  conftest.c >&5
configure:6748: $? = 0
configure:6748: result: yes
configure:6748: checking for unistd.h
configure:6748: gcc -c -g -O2  conftest.c >&5
configure:6748: $? = 0
configure:6748: result: yes
configure:6762: checking for dlfcn.h
configure:6762: gcc -c -g -O2  conftest.c >&5
configure:6762: $? = 0
configure:6762: result: yes
configure:6887: checking for C++ compiler version
configure:6896: g++ --version >&5
./configure: line 6898: g++: command not found
configure:6907: $? = 127
configure:6896: g++ -v >&5
./configure: line 6898: g++: command not found
configure:6907: $? = 127
configure:6896: g++ -V >&5
./configure: line 6898: g++: command not found
configure:6907: $? = 127
configure:6896: g++ -qversion >&5
./configure: line 6898: g++: command not found
configure:6907: $? = 127
configure:6911: checking whether we are using the GNU C++ compiler
configure:6939: result: no
configure:6948: checking whether g++ accepts -g
configure:7009: result: no
configure:7346: checking for objdir
configure:7361: result: .libs
configure:7653: checking if gcc supports -fno-rtti -fno-exceptions
configure:7671: gcc -c -g -O2  -fno-rtti -fno-exceptions conftest.c >&5
cc1: warning: command line option '-fno-rtti' is valid for C++/ObjC++ but not for C [enabled by default]
configure:7675: $? = 0
configure:7688: result: no
configure:7708: checking for gcc option to produce PIC
configure:7980: result: -fPIC -DPIC
configure:7992: checking if gcc PIC flag -fPIC -DPIC works
configure:8010: gcc -c -g -O2  -fPIC -DPIC -DPIC conftest.c >&5
configure:8014: $? = 0
configure:8027: result: yes
configure:8051: checking if gcc static flag -static works
configure:8079: result: yes
configure:8094: checking if gcc supports -c -o file.o
configure:8115: gcc -c -g -O2  -o out/conftest2.o conftest.c >&5
configure:8119: $? = 0
configure:8141: result: yes
configure:8149: checking if gcc supports -c -o file.o
configure:8196: result: yes
configure:8229: checking whether the gcc linker (/usr/bin/ld -m elf_x86_64) supports shared libraries
configure:9220: result: yes
configure:9257: checking whether -lc should be explicitly linked in
configure:9262: gcc -c -g -O2  conftest.c >&5
configure:9265: $? = 0
configure:9280: gcc -shared conftest.o  -v -Wl,-soname -Wl,conftest -o conftest 2\>\&1 \| /bin/grep  -lc  \>/dev/null 2\>\&1
configure:9283: $? = 0
configure:9295: result: no
configure:9459: checking dynamic linker characteristics
configure:9892: gcc -o conftest -g -O2   -Wl,-rpath -Wl,/foo conftest.c  >&5
configure:9892: $? = 0
configure:10122: result: GNU/Linux ld.so
configure:10224: checking how to hardcode library paths into programs
configure:10249: result: immediate
configure:10769: checking whether stripping libraries is possible
configure:10774: result: yes
configure:10809: checking if libtool supports shared libraries
configure:10811: result: yes
configure:10814: checking whether to build shared libraries
configure:10835: result: yes
configure:10838: checking whether to build static libraries
configure:10842: result: yes
configure:13754: checking for ANSI C header files
configure:13858: result: yes
configure:13866: checking for sys/wait.h that is POSIX.1 compatible
configure:13892: gcc -c -g -O2  conftest.c >&5
configure:13892: $? = 0
configure:13899: result: yes
configure:13910: checking arpa/inet.h usability
configure:13910: gcc -c -g -O2  conftest.c >&5
configure:13910: $? = 0
configure:13910: result: yes
configure:13910: checking arpa/inet.h presence
configure:13910: gcc -E  conftest.c
configure:13910: $? = 0
configure:13910: result: yes
configure:13910: checking for arpa/inet.h
configure:13910: result: yes
configure:13910: checking fcntl.h usability
configure:13910: gcc -c -g -O2  conftest.c >&5
configure:13910: $? = 0
configure:13910: result: yes
configure:13910: checking fcntl.h presence
configure:13910: gcc -E  conftest.c
configure:13910: $? = 0
configure:13910: result: yes
configure:13910: checking for fcntl.h
configure:13910: result: yes
configure:13910: checking netdb.h usability
configure:13910: gcc -c -g -O2  conftest.c >&5
configure:13910: $? = 0
configure:13910: result: yes
configure:13910: checking netdb.h presence
configure:13910: gcc -E  conftest.c
configure:13910: $? = 0
configure:13910: result: yes
configure:13910: checking for netdb.h
configure:13910: result: yes
configure:13910: checking netinet/in.h usability
configure:13910: gcc -c -g -O2  conftest.c >&5
configure:13910: $? = 0
configure:13910: result: yes
configure:13910: checking netinet/in.h presence
configure:13910: gcc -E  conftest.c
configure:13910: $? = 0
configure:13910: result: yes
configure:13910: checking for netinet/in.h
configure:13910: result: yes
configure:13910: checking for stdint.h
configure:13910: result: yes
configure:13910: checking for stdlib.h
configure:13910: result: yes
configure:13910: checking for string.h
configure:13910: result: yes
configure:13910: checking sys/ioctl.h usability
configure:13910: gcc -c -g -O2  conftest.c >&5
configure:13910: $? = 0
configure:13910: result: yes
configure:13910: checking sys/ioctl.h presence
configure:13910: gcc -E  conftest.c
configure:13910: $? = 0
configure:13910: result: yes
configure:13910: checking for sys/ioctl.h
configure:13910: result: yes
configure:13910: checking sys/socket.h usability
configure:13910: gcc -c -g -O2  conftest.c >&5
configure:13910: $? = 0
configure:13910: result: yes
configure:13910: checking sys/socket.h presence
configure:13910: gcc -E  conftest.c
configure:13910: $? = 0
configure:13910: result: yes
configure:13910: checking for sys/socket.h
configure:13910: result: yes
configure:13910: checking sys/time.h usability
configure:13910: gcc -c -g -O2  conftest.c >&5
configure:13910: $? = 0
configure:13910: result: yes
configure:13910: checking sys/time.h presence
configure:13910: gcc -E  conftest.c
configure:13910: $? = 0
configure:13910: result: yes
configure:13910: checking for sys/time.h
configure:13910: result: yes
configure:13910: checking syslog.h usability
configure:13910: gcc -c -g -O2  conftest.c >&5
configure:13910: $? = 0
configure:13910: result: yes
configure:13910: checking syslog.h presence
configure:13910: gcc -E  conftest.c
configure:13910: $? = 0
configure:13910: result: yes
configure:13910: checking for syslog.h
configure:13910: result: yes
configure:13910: checking for unistd.h
configure:13910: result: yes
configure:13925: checking linux/if.h usability
configure:13925: gcc -c -g -O2  conftest.c >&5
In file included from conftest.c:68:0:
/usr/include/linux/if.h:185:19: error: field 'ifru_addr' has incomplete type
   struct sockaddr ifru_addr;
                   ^
/usr/include/linux/if.h:186:19: error: field 'ifru_dstaddr' has incomplete type
   struct sockaddr ifru_dstaddr;
                   ^
/usr/include/linux/if.h:187:19: error: field 'ifru_broadaddr' has incomplete type
   struct sockaddr ifru_broadaddr;
                   ^
/usr/include/linux/if.h:188:19: error: field 'ifru_netmask' has incomplete type
   struct sockaddr ifru_netmask;
                   ^
/usr/include/linux/if.h:189:20: error: field 'ifru_hwaddr' has incomplete type
   struct  sockaddr ifru_hwaddr;
                    ^
configure:13925: $? = 1
configure: failed program was:
| /* confdefs.h */
| #define PACKAGE_NAME "openggsn"
| #define PACKAGE_TARNAME "openggsn"
| #define PACKAGE_VERSION "0.91"
| #define PACKAGE_STRING "openggsn 0.91"
| #define PACKAGE_BUGREPORT "laforge@gnumonks.org"
| #define PACKAGE_URL ""
| #define STDC_HEADERS 1
| #define HAVE_SYS_TYPES_H 1
| #define HAVE_SYS_STAT_H 1
| #define HAVE_STDLIB_H 1
| #define HAVE_STRING_H 1
| #define HAVE_MEMORY_H 1
| #define HAVE_STRINGS_H 1
| #define HAVE_INTTYPES_H 1
| #define HAVE_STDINT_H 1
| #define HAVE_UNISTD_H 1
| #define HAVE_DLFCN_H 1
| #define LT_OBJDIR ".libs/"
| #define STDC_HEADERS 1
| #define HAVE_SYS_WAIT_H 1
| #define HAVE_ARPA_INET_H 1
| #define HAVE_FCNTL_H 1
| #define HAVE_NETDB_H 1
| #define HAVE_NETINET_IN_H 1
| #define HAVE_STDINT_H 1
| #define HAVE_STDLIB_H 1
| #define HAVE_STRING_H 1
| #define HAVE_SYS_IOCTL_H 1
| #define HAVE_SYS_SOCKET_H 1
| #define HAVE_SYS_TIME_H 1
| #define HAVE_SYSLOG_H 1
| #define HAVE_UNISTD_H 1
| /* end confdefs.h.  */
| #include <stdio.h>
| #ifdef HAVE_SYS_TYPES_H
| # include <sys/types.h>
| #endif
| #ifdef HAVE_SYS_STAT_H
| # include <sys/stat.h>
| #endif
| #ifdef STDC_HEADERS
| # include <stdlib.h>
| # include <stddef.h>
| #else
| # ifdef HAVE_STDLIB_H
| #  include <stdlib.h>
| # endif
| #endif
| #ifdef HAVE_STRING_H
| # if !defined STDC_HEADERS && defined HAVE_MEMORY_H
| #  include <memory.h>
| # endif
| # include <string.h>
| #endif
| #ifdef HAVE_STRINGS_H
| # include <strings.h>
| #endif
| #ifdef HAVE_INTTYPES_H
| # include <inttypes.h>
| #endif
| #ifdef HAVE_STDINT_H
| # include <stdint.h>
| #endif
| #ifdef HAVE_UNISTD_H
| # include <unistd.h>
| #endif
| #include <linux/if.h>
configure:13925: result: no
configure:13925: checking linux/if.h presence
configure:13925: gcc -E  conftest.c
configure:13925: $? = 0
configure:13925: result: yes
configure:13925: WARNING: linux/if.h: present but cannot be compiled
configure:13925: WARNING: linux/if.h:     check for missing prerequisite headers?
configure:13925: WARNING: linux/if.h: see the Autoconf documentation
configure:13925: WARNING: linux/if.h:     section "Present But Cannot Be Compiled"
configure:13925: WARNING: linux/if.h: proceeding with the compiler's result
configure:13925: checking for linux/if.h
configure:13925: result: no
configure:13925: checking net/if.h usability
configure:13925: gcc -c -g -O2  conftest.c >&5
configure:13925: $? = 0
configure:13925: result: yes
configure:13925: checking net/if.h presence
configure:13925: gcc -E  conftest.c
configure:13925: $? = 0
configure:13925: result: yes
configure:13925: checking for net/if.h
configure:13925: result: yes
configure:13940: checking linux/if_tun.h usability
configure:13940: gcc -c -g -O2  conftest.c >&5
configure:13940: $? = 0
configure:13940: result: yes
configure:13940: checking linux/if_tun.h presence
configure:13940: gcc -E  conftest.c
configure:13940: $? = 0
configure:13940: result: yes
configure:13940: checking for linux/if_tun.h
configure:13940: result: yes
configure:13940: checking net/if_tun.h usability
configure:13940: gcc -c -g -O2  conftest.c >&5
conftest.c:70:24: fatal error: net/if_tun.h: No such file or directory
 #include <net/if_tun.h>
                        ^
compilation terminated.
configure:13940: $? = 1
configure: failed program was:
| /* confdefs.h */
| #define PACKAGE_NAME "openggsn"
| #define PACKAGE_TARNAME "openggsn"
| #define PACKAGE_VERSION "0.91"
| #define PACKAGE_STRING "openggsn 0.91"
| #define PACKAGE_BUGREPORT "laforge@gnumonks.org"
| #define PACKAGE_URL ""
| #define STDC_HEADERS 1
| #define HAVE_SYS_TYPES_H 1
| #define HAVE_SYS_STAT_H 1
| #define HAVE_STDLIB_H 1
| #define HAVE_STRING_H 1
| #define HAVE_MEMORY_H 1
| #define HAVE_STRINGS_H 1
| #define HAVE_INTTYPES_H 1
| #define HAVE_STDINT_H 1
| #define HAVE_UNISTD_H 1
| #define HAVE_DLFCN_H 1
| #define LT_OBJDIR ".libs/"
| #define STDC_HEADERS 1
| #define HAVE_SYS_WAIT_H 1
| #define HAVE_ARPA_INET_H 1
| #define HAVE_FCNTL_H 1
| #define HAVE_NETDB_H 1
| #define HAVE_NETINET_IN_H 1
| #define HAVE_STDINT_H 1
| #define HAVE_STDLIB_H 1
| #define HAVE_STRING_H 1
| #define HAVE_SYS_IOCTL_H 1
| #define HAVE_SYS_SOCKET_H 1
| #define HAVE_SYS_TIME_H 1
| #define HAVE_SYSLOG_H 1
| #define HAVE_UNISTD_H 1
| #define HAVE_NET_IF_H 1
| #define HAVE_LINUX_IF_TUN_H 1
| /* end confdefs.h.  */
| #include <stdio.h>
| #ifdef HAVE_SYS_TYPES_H
| # include <sys/types.h>
| #endif
| #ifdef HAVE_SYS_STAT_H
| # include <sys/stat.h>
| #endif
| #ifdef STDC_HEADERS
| # include <stdlib.h>
| # include <stddef.h>
| #else
| # ifdef HAVE_STDLIB_H
| #  include <stdlib.h>
| # endif
| #endif
| #ifdef HAVE_STRING_H
| # if !defined STDC_HEADERS && defined HAVE_MEMORY_H
| #  include <memory.h>
| # endif
| # include <string.h>
| #endif
| #ifdef HAVE_STRINGS_H
| # include <strings.h>
| #endif
| #ifdef HAVE_INTTYPES_H
| # include <inttypes.h>
| #endif
| #ifdef HAVE_STDINT_H
| # include <stdint.h>
| #endif
| #ifdef HAVE_UNISTD_H
| # include <unistd.h>
| #endif
| #include <net/if_tun.h>
configure:13940: result: no
configure:13940: checking net/if_tun.h presence
configure:13940: gcc -E  conftest.c
conftest.c:37:24: fatal error: net/if_tun.h: No such file or directory
 #include <net/if_tun.h>
                        ^
compilation terminated.
configure:13940: $? = 1
configure: failed program was:
| /* confdefs.h */
| #define PACKAGE_NAME "openggsn"
| #define PACKAGE_TARNAME "openggsn"
| #define PACKAGE_VERSION "0.91"
| #define PACKAGE_STRING "openggsn 0.91"
| #define PACKAGE_BUGREPORT "laforge@gnumonks.org"
| #define PACKAGE_URL ""
| #define STDC_HEADERS 1
| #define HAVE_SYS_TYPES_H 1
| #define HAVE_SYS_STAT_H 1
| #define HAVE_STDLIB_H 1
| #define HAVE_STRING_H 1
| #define HAVE_MEMORY_H 1
| #define HAVE_STRINGS_H 1
| #define HAVE_INTTYPES_H 1
| #define HAVE_STDINT_H 1
| #define HAVE_UNISTD_H 1
| #define HAVE_DLFCN_H 1
| #define LT_OBJDIR ".libs/"
| #define STDC_HEADERS 1
| #define HAVE_SYS_WAIT_H 1
| #define HAVE_ARPA_INET_H 1
| #define HAVE_FCNTL_H 1
| #define HAVE_NETDB_H 1
| #define HAVE_NETINET_IN_H 1
| #define HAVE_STDINT_H 1
| #define HAVE_STDLIB_H 1
| #define HAVE_STRING_H 1
| #define HAVE_SYS_IOCTL_H 1
| #define HAVE_SYS_SOCKET_H 1
| #define HAVE_SYS_TIME_H 1
| #define HAVE_SYSLOG_H 1
| #define HAVE_UNISTD_H 1
| #define HAVE_NET_IF_H 1
| #define HAVE_LINUX_IF_TUN_H 1
| /* end confdefs.h.  */
| #include <net/if_tun.h>
configure:13940: result: no
configure:13940: checking for net/if_tun.h
configure:13940: result: no
configure:13955: checking linux/netlink.h usability
configure:13955: gcc -c -g -O2  conftest.c >&5
configure:13955: $? = 0
configure:13955: result: yes
configure:13955: checking linux/netlink.h presence
configure:13955: gcc -E  conftest.c
configure:13955: $? = 0
configure:13955: result: yes
configure:13955: checking for linux/netlink.h
configure:13955: result: yes
configure:13955: checking linux/rtnetlink.h usability
configure:13955: gcc -c -g -O2  conftest.c >&5
configure:13955: $? = 0
configure:13955: result: yes
configure:13955: checking linux/rtnetlink.h presence
configure:13955: gcc -E  conftest.c
configure:13955: $? = 0
configure:13955: result: yes
configure:13955: checking for linux/rtnetlink.h
configure:13955: result: yes
configure:13968: checking for an ANSI C-conforming const
configure:14033: gcc -c -g -O2  conftest.c >&5
configure:14033: $? = 0
configure:14040: result: yes
configure:14048: checking for mode_t
configure:14048: gcc -c -g -O2  conftest.c >&5
configure:14048: $? = 0
configure:14048: gcc -c -g -O2  conftest.c >&5
conftest.c: In function 'main':
conftest.c:75:21: error: expected expression before ')' token
 if (sizeof ((mode_t)))
                     ^
configure:14048: $? = 1
configure: failed program was:
| /* confdefs.h */
| #define PACKAGE_NAME "openggsn"
| #define PACKAGE_TARNAME "openggsn"
| #define PACKAGE_VERSION "0.91"
| #define PACKAGE_STRING "openggsn 0.91"
| #define PACKAGE_BUGREPORT "laforge@gnumonks.org"
| #define PACKAGE_URL ""
| #define STDC_HEADERS 1
| #define HAVE_SYS_TYPES_H 1
| #define HAVE_SYS_STAT_H 1
| #define HAVE_STDLIB_H 1
| #define HAVE_STRING_H 1
| #define HAVE_MEMORY_H 1
| #define HAVE_STRINGS_H 1
| #define HAVE_INTTYPES_H 1
| #define HAVE_STDINT_H 1
| #define HAVE_UNISTD_H 1
| #define HAVE_DLFCN_H 1
| #define LT_OBJDIR ".libs/"
| #define STDC_HEADERS 1
| #define HAVE_SYS_WAIT_H 1
| #define HAVE_ARPA_INET_H 1
| #define HAVE_FCNTL_H 1
| #define HAVE_NETDB_H 1
| #define HAVE_NETINET_IN_H 1
| #define HAVE_STDINT_H 1
| #define HAVE_STDLIB_H 1
| #define HAVE_STRING_H 1
| #define HAVE_SYS_IOCTL_H 1
| #define HAVE_SYS_SOCKET_H 1
| #define HAVE_SYS_TIME_H 1
| #define HAVE_SYSLOG_H 1
| #define HAVE_UNISTD_H 1
| #define HAVE_NET_IF_H 1
| #define HAVE_LINUX_IF_TUN_H 1
| #define HAVE_LINUX_NETLINK_H 1
| #define HAVE_LINUX_RTNETLINK_H 1
| /* end confdefs.h.  */
| #include <stdio.h>
| #ifdef HAVE_SYS_TYPES_H
| # include <sys/types.h>
| #endif
| #ifdef HAVE_SYS_STAT_H
| # include <sys/stat.h>
| #endif
| #ifdef STDC_HEADERS
| # include <stdlib.h>
| # include <stddef.h>
| #else
| # ifdef HAVE_STDLIB_H
| #  include <stdlib.h>
| # endif
| #endif
| #ifdef HAVE_STRING_H
| # if !defined STDC_HEADERS && defined HAVE_MEMORY_H
| #  include <memory.h>
| # endif
| # include <string.h>
| #endif
| #ifdef HAVE_STRINGS_H
| # include <strings.h>
| #endif
| #ifdef HAVE_INTTYPES_H
| # include <inttypes.h>
| #endif
| #ifdef HAVE_STDINT_H
| # include <stdint.h>
| #endif
| #ifdef HAVE_UNISTD_H
| # include <unistd.h>
| #endif
| int
| main ()
| {
| if (sizeof ((mode_t)))
| 	    return 0;
|   ;
|   return 0;
| }
configure:14048: result: yes
configure:14059: checking for size_t
configure:14059: gcc -c -g -O2  conftest.c >&5
configure:14059: $? = 0
configure:14059: gcc -c -g -O2  conftest.c >&5
conftest.c: In function 'main':
conftest.c:75:21: error: expected expression before ')' token
 if (sizeof ((size_t)))
                     ^
configure:14059: $? = 1
configure: failed program was:
| /* confdefs.h */
| #define PACKAGE_NAME "openggsn"
| #define PACKAGE_TARNAME "openggsn"
| #define PACKAGE_VERSION "0.91"
| #define PACKAGE_STRING "openggsn 0.91"
| #define PACKAGE_BUGREPORT "laforge@gnumonks.org"
| #define PACKAGE_URL ""
| #define STDC_HEADERS 1
| #define HAVE_SYS_TYPES_H 1
| #define HAVE_SYS_STAT_H 1
| #define HAVE_STDLIB_H 1
| #define HAVE_STRING_H 1
| #define HAVE_MEMORY_H 1
| #define HAVE_STRINGS_H 1
| #define HAVE_INTTYPES_H 1
| #define HAVE_STDINT_H 1
| #define HAVE_UNISTD_H 1
| #define HAVE_DLFCN_H 1
| #define LT_OBJDIR ".libs/"
| #define STDC_HEADERS 1
| #define HAVE_SYS_WAIT_H 1
| #define HAVE_ARPA_INET_H 1
| #define HAVE_FCNTL_H 1
| #define HAVE_NETDB_H 1
| #define HAVE_NETINET_IN_H 1
| #define HAVE_STDINT_H 1
| #define HAVE_STDLIB_H 1
| #define HAVE_STRING_H 1
| #define HAVE_SYS_IOCTL_H 1
| #define HAVE_SYS_SOCKET_H 1
| #define HAVE_SYS_TIME_H 1
| #define HAVE_SYSLOG_H 1
| #define HAVE_UNISTD_H 1
| #define HAVE_NET_IF_H 1
| #define HAVE_LINUX_IF_TUN_H 1
| #define HAVE_LINUX_NETLINK_H 1
| #define HAVE_LINUX_RTNETLINK_H 1
| /* end confdefs.h.  */
| #include <stdio.h>
| #ifdef HAVE_SYS_TYPES_H
| # include <sys/types.h>
| #endif
| #ifdef HAVE_SYS_STAT_H
| # include <sys/stat.h>
| #endif
| #ifdef STDC_HEADERS
| # include <stdlib.h>
| # include <stddef.h>
| #else
| # ifdef HAVE_STDLIB_H
| #  include <stdlib.h>
| # endif
| #endif
| #ifdef HAVE_STRING_H
| # if !defined STDC_HEADERS && defined HAVE_MEMORY_H
| #  include <memory.h>
| # endif
| # include <string.h>
| #endif
| #ifdef HAVE_STRINGS_H
| # include <strings.h>
| #endif
| #ifdef HAVE_INTTYPES_H
| # include <inttypes.h>
| #endif
| #ifdef HAVE_STDINT_H
| # include <stdint.h>
| #endif
| #ifdef HAVE_UNISTD_H
| # include <unistd.h>
| #endif
| int
| main ()
| {
| if (sizeof ((size_t)))
| 	    return 0;
|   ;
|   return 0;
| }
configure:14059: result: yes
configure:14070: checking whether time.h and sys/time.h may both be included
configure:14090: gcc -c -g -O2  conftest.c >&5
configure:14090: $? = 0
configure:14097: result: yes
configure:14107: checking whether struct ifaliasreq exist
configure:14122: result: no
configure:14129: checking whether struct ifreq.ifru_netmask exist
configure:14139: result: yes
configure:14152: checking whether struct rt_msghdr exist
configure:14167: result: no
configure:14176: checking whether gcc needs -traditional
configure:14210: result: no
configure:14222: checking for gethostbyname
configure:14222: gcc -o conftest -g -O2   conftest.c  >&5
configure:14222: $? = 0
configure:14222: result: yes
configure:14222: checking for inet_ntoa
configure:14222: gcc -o conftest -g -O2   conftest.c  >&5
configure:14222: $? = 0
configure:14222: result: yes
configure:14222: checking for memset
configure:14222: gcc -o conftest -g -O2   conftest.c  >&5
conftest.c:66:6: warning: conflicting types for built-in function 'memset' [enabled by default]
 char memset ();
      ^
configure:14222: $? = 0
configure:14222: result: yes
configure:14222: checking for select
configure:14222: gcc -o conftest -g -O2   conftest.c  >&5
configure:14222: $? = 0
configure:14222: result: yes
configure:14222: checking for socket
configure:14222: gcc -o conftest -g -O2   conftest.c  >&5
configure:14222: $? = 0
configure:14222: result: yes
configure:14222: checking for strdup
configure:14222: gcc -o conftest -g -O2   conftest.c  >&5
conftest.c:69:6: warning: conflicting types for built-in function 'strdup' [enabled by default]
 char strdup ();
      ^
configure:14222: $? = 0
configure:14222: result: yes
configure:14222: checking for strerror
configure:14222: gcc -o conftest -g -O2   conftest.c  >&5
configure:14222: $? = 0
configure:14222: result: yes
configure:14222: checking for strtol
configure:14222: gcc -o conftest -g -O2   conftest.c  >&5
configure:14222: $? = 0
configure:14222: result: yes
configure:14234: checking for inet_aton
configure:14234: gcc -o conftest -g -O2   conftest.c  >&5
configure:14234: $? = 0
configure:14234: result: yes
configure:14250: checking getopt.h usability
configure:14250: gcc -c -g -O2  conftest.c >&5
configure:14250: $? = 0
configure:14250: result: yes
configure:14250: checking getopt.h presence
configure:14250: gcc -E  conftest.c
configure:14250: $? = 0
configure:14250: result: yes
configure:14250: checking for getopt.h
configure:14250: result: yes
configure:14262: checking for getopt_long
configure:14262: gcc -o conftest -g -O2   conftest.c  >&5
configure:14262: $? = 0
configure:14262: result: yes
configure:14335: checking whether build environment is sane
configure:14385: result: yes
configure:14526: checking for a thread-safe mkdir -p
configure:14565: result: /bin/mkdir -p
configure:14574: checking whether make sets $(MAKE)
configure:14596: result: yes
configure:14626: checking for style of include used by make
configure:14654: result: GNU
configure:14739: checking dependency style of gcc
configure:14849: result: gcc3
configure:14866: checking dependency style of g++
configure:14976: result: none
configure:15118: creating ./config.status

## ---------------------- ##
## Running config.status. ##
## ---------------------- ##

This file was extended by openggsn config.status 0.91, which was
generated by GNU Autoconf 2.67.  Invocation command line was

  CONFIG_FILES    = 
  CONFIG_HEADERS  = 
  CONFIG_LINKS    = 
  CONFIG_COMMANDS = 
  $ ./config.status 

on ubuntu

config.status:1183: creating Makefile
config.status:1183: creating doc/Makefile
config.status:1183: creating ggsn/Makefile
config.status:1183: creating gtp/Makefile
config.status:1183: creating intl/Makefile
config.status:1183: creating po/Makefile
config.status:1183: creating sgsnemu/Makefile
config.status:1183: creating src/Makefile
config.status:1183: creating tests/Makefile
config.status:1183: creating openggsn.spec
config.status:1183: creating config.h
config.status:1442: executing libtool commands
config.status:1442: executing depfiles commands

## ---------------- ##
## Cache variables. ##
## ---------------- ##

ac_cv_build=x86_64-unknown-linux-gnu
ac_cv_c_compiler_gnu=yes
ac_cv_c_const=yes
ac_cv_cxx_compiler_gnu=no
ac_cv_env_CCC_set=
ac_cv_env_CCC_value=
ac_cv_env_CC_set=
ac_cv_env_CC_value=
ac_cv_env_CFLAGS_set=
ac_cv_env_CFLAGS_value=
ac_cv_env_CPPFLAGS_set=
ac_cv_env_CPPFLAGS_value=
ac_cv_env_CPP_set=
ac_cv_env_CPP_value=
ac_cv_env_CXXCPP_set=
ac_cv_env_CXXCPP_value=
ac_cv_env_CXXFLAGS_set=
ac_cv_env_CXXFLAGS_value=
ac_cv_env_CXX_set=
ac_cv_env_CXX_value=
ac_cv_env_LDFLAGS_set=
ac_cv_env_LDFLAGS_value=
ac_cv_env_LIBS_set=
ac_cv_env_LIBS_value=
ac_cv_env_build_alias_set=
ac_cv_env_build_alias_value=
ac_cv_env_host_alias_set=
ac_cv_env_host_alias_value=
ac_cv_env_target_alias_set=
ac_cv_env_target_alias_value=
ac_cv_func_gethostbyname=yes
ac_cv_func_getopt_long=yes
ac_cv_func_inet_aton=yes
ac_cv_func_inet_ntoa=yes
ac_cv_func_memset=yes
ac_cv_func_select=yes
ac_cv_func_socket=yes
ac_cv_func_strdup=yes
ac_cv_func_strerror=yes
ac_cv_func_strtol=yes
ac_cv_header_arpa_inet_h=yes
ac_cv_header_dlfcn_h=yes
ac_cv_header_fcntl_h=yes
ac_cv_header_getopt_h=yes
ac_cv_header_inttypes_h=yes
ac_cv_header_linux_if_h=no
ac_cv_header_linux_if_tun_h=yes
ac_cv_header_linux_netlink_h=yes
ac_cv_header_linux_rtnetlink_h=yes
ac_cv_header_memory_h=yes
ac_cv_header_net_if_h=yes
ac_cv_header_net_if_tun_h=no
ac_cv_header_netdb_h=yes
ac_cv_header_netinet_in_h=yes
ac_cv_header_stdc=yes
ac_cv_header_stdint_h=yes
ac_cv_header_stdlib_h=yes
ac_cv_header_string_h=yes
ac_cv_header_strings_h=yes
ac_cv_header_sys_ioctl_h=yes
ac_cv_header_sys_socket_h=yes
ac_cv_header_sys_stat_h=yes
ac_cv_header_sys_time_h=yes
ac_cv_header_sys_types_h=yes
ac_cv_header_sys_wait_h=yes
ac_cv_header_syslog_h=yes
ac_cv_header_time=yes
ac_cv_header_unistd_h=yes
ac_cv_host=x86_64-unknown-linux-gnu
ac_cv_objext=o
ac_cv_path_EGREP='/bin/grep -E'
ac_cv_path_FGREP='/bin/grep -F'
ac_cv_path_GREP=/bin/grep
ac_cv_path_SED=/bin/sed
ac_cv_path_install='/usr/bin/install -c'
ac_cv_path_mkdir=/bin/mkdir
ac_cv_prog_AWK=mawk
ac_cv_prog_CPP='gcc -E'
ac_cv_prog_ac_ct_AR=ar
ac_cv_prog_ac_ct_CC=gcc
ac_cv_prog_ac_ct_OBJDUMP=objdump
ac_cv_prog_ac_ct_RANLIB=ranlib
ac_cv_prog_ac_ct_STRIP=strip
ac_cv_prog_cc_c89=
ac_cv_prog_cc_g=yes
ac_cv_prog_cxx_g=no
ac_cv_prog_gcc_traditional=no
ac_cv_prog_make_make_set=yes
ac_cv_target=x86_64-unknown-linux-gnu
ac_cv_type_mode_t=yes
ac_cv_type_size_t=yes
am_cv_CC_dependencies_compiler_type=gcc3
am_cv_CXX_dependencies_compiler_type=none
lt_cv_deplibs_check_method=pass_all
lt_cv_file_magic_cmd='$MAGIC_CMD'
lt_cv_file_magic_test_file=
lt_cv_ld_reload_flag=-r
lt_cv_nm_interface='BSD nm'
lt_cv_objdir=.libs
lt_cv_path_LD=/usr/bin/ld
lt_cv_path_NM='/usr/bin/nm -B'
lt_cv_prog_compiler_c_o=yes
lt_cv_prog_compiler_pic_works=yes
lt_cv_prog_compiler_rtti_exceptions=no
lt_cv_prog_compiler_static_works=yes
lt_cv_prog_gnu_ld=yes
lt_cv_sys_global_symbol_pipe='sed -n -e '\''s/^.*[	 ]\([ABCDGIRSTW][ABCDGIRSTW]*\)[	 ][	 ]*\([_A-Za-z][_A-Za-z0-9]*\)$/\1 \2 \2/p'\'''
lt_cv_sys_global_symbol_to_c_name_address='sed -n -e '\''s/^: \([^ ]*\) $/  {\"\1\", (void *) 0},/p'\'' -e '\''s/^[ABCDGIRSTW]* \([^ ]*\) \([^ ]*\)$/  {"\2", (void *) \&\2},/p'\'''
lt_cv_sys_global_symbol_to_c_name_address_lib_prefix='sed -n -e '\''s/^: \([^ ]*\) $/  {\"\1\", (void *) 0},/p'\'' -e '\''s/^[ABCDGIRSTW]* \([^ ]*\) \(lib[^ ]*\)$/  {"\2", (void *) \&\2},/p'\'' -e '\''s/^[ABCDGIRSTW]* \([^ ]*\) \([^ ]*\)$/  {"lib\2", (void *) \&\2},/p'\'''
lt_cv_sys_global_symbol_to_cdecl='sed -n -e '\''s/^T .* \(.*\)$/extern int \1();/p'\'' -e '\''s/^[ABCDGIRSTW]* .* \(.*\)$/extern char \1;/p'\'''
lt_cv_sys_max_cmd_len=1572864

## ----------------- ##
## Output variables. ##
## ----------------- ##

ACLOCAL='${SHELL} /home/dosxiong/Downloads/openggsn/openggsn-0.91/missing --run aclocal-1.11'
AMDEPBACKSLASH='\'
AMDEP_FALSE='#'
AMDEP_TRUE=''
AMTAR='${SHELL} /home/dosxiong/Downloads/openggsn/openggsn-0.91/missing --run tar'
AR='ar'
AUTOCONF='${SHELL} /home/dosxiong/Downloads/openggsn/openggsn-0.91/missing --run autoconf'
AUTOHEADER='${SHELL} /home/dosxiong/Downloads/openggsn/openggsn-0.91/missing --run autoheader'
AUTOMAKE='${SHELL} /home/dosxiong/Downloads/openggsn/openggsn-0.91/missing --run automake-1.11'
AWK='mawk'
CC='gcc'
CCDEPMODE='depmode=gcc3'
CFLAGS='-g -O2'
CPP='gcc -E'
CPPFLAGS=''
CXX='g++'
CXXCPP=''
CXXDEPMODE='depmode=none'
CXXFLAGS=''
CYGPATH_W='echo'
DEFS='-DHAVE_CONFIG_H'
DEPDIR='.deps'
DSYMUTIL=''
DUMPBIN=''
ECHO_C=''
ECHO_N='-n'
ECHO_T=''
EGREP='/bin/grep -E'
EXEC_LDADD=''
EXEC_LDFLAGS=''
EXEEXT=''
FGREP='/bin/grep -F'
GREP='/bin/grep'
INSTALL_DATA='${INSTALL} -m 644'
INSTALL_PROGRAM='${INSTALL}'
INSTALL_SCRIPT='${INSTALL}'
INSTALL_STRIP_PROGRAM='$(install_sh) -c -s'
LD='/usr/bin/ld -m elf_x86_64'
LDFLAGS=''
LIBOBJS=''
LIBS=''
LIBTOOL='$(SHELL) $(top_builddir)/libtool'
LIPO=''
LN_S='ln -s'
LTLIBOBJS=''
MAKEINFO='${SHELL} /home/dosxiong/Downloads/openggsn/openggsn-0.91/missing --run makeinfo'
MKDIR_P='/bin/mkdir -p'
NM='/usr/bin/nm -B'
NMEDIT=''
OBJDUMP='objdump'
OBJEXT='o'
OTOOL64=''
OTOOL=''
PACKAGE='openggsn'
PACKAGE_BUGREPORT='laforge@gnumonks.org'
PACKAGE_NAME='openggsn'
PACKAGE_STRING='openggsn 0.91'
PACKAGE_TARNAME='openggsn'
PACKAGE_URL=''
PACKAGE_VERSION='0.91'
PATH_SEPARATOR=':'
RANLIB='ranlib'
SED='/bin/sed'
SET_MAKE=''
SHELL='/bin/bash'
STRIP='strip'
VERSION='0.91'
ac_ct_CC='gcc'
ac_ct_CXX=''
ac_ct_DUMPBIN=''
am__EXEEXT_FALSE=''
am__EXEEXT_TRUE='#'
am__fastdepCC_FALSE='#'
am__fastdepCC_TRUE=''
am__fastdepCXX_FALSE=''
am__fastdepCXX_TRUE='#'
am__include='include'
am__isrc=''
am__leading_dot='.'
am__quote=''
am__tar='${AMTAR} chof - "$$tardir"'
am__untar='${AMTAR} xf -'
bindir='${exec_prefix}/bin'
build='x86_64-unknown-linux-gnu'
build_alias=''
build_cpu='x86_64'
build_os='linux-gnu'
build_vendor='unknown'
datadir='${datarootdir}'
datarootdir='${prefix}/share'
docdir='${datarootdir}/doc/${PACKAGE_TARNAME}'
dvidir='${docdir}'
exec_prefix='${prefix}'
host='x86_64-unknown-linux-gnu'
host_alias=''
host_cpu='x86_64'
host_os='linux-gnu'
host_vendor='unknown'
htmldir='${docdir}'
includedir='${prefix}/include'
infodir='${datarootdir}/info'
install_sh='${SHELL} /home/dosxiong/Downloads/openggsn/openggsn-0.91/install-sh'
libdir='${exec_prefix}/lib'
libexecdir='${exec_prefix}/libexec'
localedir='${datarootdir}/locale'
localstatedir='${prefix}/var'
lt_ECHO='echo'
mandir='${datarootdir}/man'
mkdir_p='/bin/mkdir -p'
oldincludedir='/usr/include'
pdfdir='${docdir}'
prefix='/usr/local'
program_transform_name='s,x,x,'
psdir='${docdir}'
sbindir='${exec_prefix}/sbin'
sharedstatedir='${prefix}/com'
sysconfdir='${prefix}/etc'
target='x86_64-unknown-linux-gnu'
target_alias=''
target_cpu='x86_64'
target_os='linux-gnu'
target_vendor='unknown'

## ----------- ##
## confdefs.h. ##
## ----------- ##

/* confdefs.h */
#define PACKAGE_NAME "openggsn"
#define PACKAGE_TARNAME "openggsn"
#define PACKAGE_VERSION "0.91"
#define PACKAGE_STRING "openggsn 0.91"
#define PACKAGE_BUGREPORT "laforge@gnumonks.org"
#define PACKAGE_URL ""
#define STDC_HEADERS 1
#define HAVE_SYS_TYPES_H 1
#define HAVE_SYS_STAT_H 1
#define HAVE_STDLIB_H 1
#define HAVE_STRING_H 1
#define HAVE_MEMORY_H 1
#define HAVE_STRINGS_H 1
#define HAVE_INTTYPES_H 1
#define HAVE_STDINT_H 1
#define HAVE_UNISTD_H 1
#define HAVE_DLFCN_H 1
#define LT_OBJDIR ".libs/"
#define STDC_HEADERS 1
#define HAVE_SYS_WAIT_H 1
#define HAVE_ARPA_INET_H 1
#define HAVE_FCNTL_H 1
#define HAVE_NETDB_H 1
#define HAVE_NETINET_IN_H 1
#define HAVE_STDINT_H 1
#define HAVE_STDLIB_H 1
#define HAVE_STRING_H 1
#define HAVE_SYS_IOCTL_H 1
#define HAVE_SYS_SOCKET_H 1
#define HAVE_SYS_TIME_H 1
#define HAVE_SYSLOG_H 1
#define HAVE_UNISTD_H 1
#define HAVE_NET_IF_H 1
#define HAVE_LINUX_IF_TUN_H 1
#define HAVE_LINUX_NETLINK_H 1
#define HAVE_LINUX_RTNETLINK_H 1
#define TIME_WITH_SYS_TIME 1
#define HAVE_IFREQ_IFRU_NETMASK 1
#define HAVE_GETHOSTBYNAME 1
#define HAVE_INET_NTOA 1
#define HAVE_MEMSET 1
#define HAVE_SELECT 1
#define HAVE_SOCKET 1
#define HAVE_STRDUP 1
#define HAVE_STRERROR 1
#define HAVE_STRTOL 1
#define HAVE_INET_ATON 1
#define HAVE_GETOPT_H 1
#define HAVE_GETOPT_LONG 1
#define PACKAGE "openggsn"
#define VERSION "0.91"

configure: exit 0
